<?xml version="1.0" encoding="UTF-8"?>
<coverage generated="1652959867869" clover="3.2.0">
  <project timestamp="1652959867869" name="All files">
    <metrics statements="71" coveredstatements="71" conditionals="54" coveredconditionals="54" methods="27" coveredmethods="27" elements="152" coveredelements="152" complexity="0" loc="71" ncloc="71" packages="1" files="5" classes="5"/>
    <file name="error.ts" path="/Users/samuel/Code/pire/core/src/error.ts">
      <metrics statements="3" coveredstatements="3" conditionals="0" coveredconditionals="0" methods="1" coveredmethods="1"/>
      <line num="3" count="4" type="stmt"/>
      <line num="7" count="7" type="stmt"/>
      <line num="8" count="7" type="stmt"/>
    </file>
    <file name="http.ts" path="/Users/samuel/Code/pire/core/src/http.ts">
      <metrics statements="8" coveredstatements="8" conditionals="1" coveredconditionals="1" methods="2" coveredmethods="2"/>
      <line num="2" count="4" type="stmt"/>
      <line num="72" count="4" type="stmt"/>
      <line num="74" count="248" type="stmt"/>
      <line num="75" count="248" type="stmt"/>
      <line num="80" count="4" type="stmt"/>
      <line num="94" count="4" type="stmt"/>
      <line num="95" count="2" type="cond" truecount="1" falsecount="0"/>
      <line num="96" count="1" type="stmt"/>
    </file>
    <file name="index.ts" path="/Users/samuel/Code/pire/core/src/index.ts">
      <metrics statements="5" coveredstatements="5" conditionals="0" coveredconditionals="0" methods="6" coveredmethods="6"/>
      <line num="1" count="6" type="stmt"/>
      <line num="2" count="4" type="stmt"/>
      <line num="3" count="18" type="stmt"/>
      <line num="4" count="13" type="stmt"/>
      <line num="6" count="4" type="stmt"/>
    </file>
    <file name="path.ts" path="/Users/samuel/Code/pire/core/src/path.ts">
      <metrics statements="3" coveredstatements="3" conditionals="0" coveredconditionals="0" methods="2" coveredmethods="2"/>
      <line num="7" count="4" type="stmt"/>
      <line num="8" count="10" type="stmt"/>
      <line num="12" count="28" type="stmt"/>
    </file>
    <file name="primer.ts" path="/Users/samuel/Code/pire/core/src/primer.ts">
      <metrics statements="52" coveredstatements="52" conditionals="53" coveredconditionals="53" methods="16" coveredmethods="16"/>
      <line num="1" count="4" type="stmt"/>
      <line num="3" count="4" type="stmt"/>
      <line num="4" count="4" type="stmt"/>
      <line num="20" count="4" type="cond" truecount="1" falsecount="0"/>
      <line num="21" count="3" type="stmt"/>
      <line num="34" count="4" type="stmt"/>
      <line num="38" count="6" type="stmt"/>
      <line num="43" count="2" type="stmt"/>
      <line num="49" count="2" type="stmt"/>
      <line num="64" count="4" type="stmt"/>
      <line num="70" count="14" type="stmt"/>
      <line num="71" count="14" type="stmt"/>
      <line num="73" count="14" type="stmt"/>
      <line num="75" count="28" type="cond" truecount="1" falsecount="0"/>
      <line num="76" count="12" type="cond" truecount="1" falsecount="0"/>
      <line num="77" count="1" type="stmt"/>
      <line num="79" count="11" type="stmt"/>
      <line num="82" count="27" type="cond" truecount="1" falsecount="0"/>
      <line num="86" count="5" type="stmt"/>
      <line num="92" count="4" type="stmt"/>
      <line num="95" count="23" type="cond" truecount="2" falsecount="0"/>
      <line num="96" count="6" type="cond" truecount="1" falsecount="0"/>
      <line num="98" count="6" type="stmt"/>
      <line num="104" count="1" type="stmt"/>
      <line num="106" count="17" type="stmt"/>
      <line num="110" count="13" type="stmt"/>
      <line num="116" count="4" type="stmt"/>
      <line num="117" count="4" type="stmt"/>
      <line num="118" count="4" type="cond" truecount="1" falsecount="0"/>
      <line num="119" count="2" type="stmt"/>
      <line num="134" count="4" type="stmt"/>
      <line num="138" count="8" type="cond" truecount="3" falsecount="0"/>
      <line num="145" count="8" type="stmt"/>
      <line num="147" count="8" type="stmt"/>
      <line num="148" count="8" type="stmt"/>
      <line num="149" count="8" type="stmt"/>
      <line num="151" count="8" type="cond" truecount="3" falsecount="0"/>
      <line num="152" count="3" type="stmt"/>
      <line num="154" count="5" type="stmt"/>
      <line num="155" count="5" type="stmt"/>
      <line num="156" count="6" type="cond" truecount="1" falsecount="0"/>
      <line num="158" count="5" type="cond" truecount="1" falsecount="0"/>
      <line num="159" count="2" type="stmt"/>
      <line num="170" count="3" type="stmt"/>
      <line num="171" count="3" type="stmt"/>
      <line num="172" count="11" type="cond" truecount="1" falsecount="0"/>
      <line num="175" count="3" type="stmt"/>
      <line num="176" count="3" type="cond" truecount="1" falsecount="0"/>
      <line num="177" count="2" type="stmt"/>
      <line num="178" count="2" type="cond" truecount="2" falsecount="0"/>
      <line num="179" count="1" type="stmt"/>
      <line num="183" count="3" type="stmt"/>
    </file>
  </project>
</coverage>
