{"/Users/samuel/Code/pire/core/src/error.ts": {"path":"/Users/samuel/Code/pire/core/src/error.ts","statementMap":{"0":{"start":{"line":7,"column":2},"end":{"line":7,"column":22}},"1":{"start":{"line":8,"column":2},"end":{"line":8,"column":27}},"2":{"start":{"line":3,"column":0},"end":{"line":3,"column":21}}},"fnMap":{"0":{"name":"(anonymous_0)","decl":{"start":{"line":6,"column":1},"end":{"line":6,"column":13}},"loc":{"start":{"line":6,"column":35},"end":{"line":9,"column":2}}}},"branchMap":{},"s":{"0":7,"1":7,"2":4},"f":{"0":7},"b":{}}
,"/Users/samuel/Code/pire/core/src/http.ts": {"path":"/Users/samuel/Code/pire/core/src/http.ts","statementMap":{"0":{"start":{"line":2,"column":13},"end":{"line":70,"column":11}},"1":{"start":{"line":72,"column":13},"end":{"line":78,"column":46}},"2":{"start":{"line":74,"column":2},"end":{"line":74,"column":69}},"3":{"start":{"line":75,"column":2},"end":{"line":75,"column":16}},"4":{"start":{"line":80,"column":20},"end":{"line":80,"column":74}},"5":{"start":{"line":95,"column":1},"end":{"line":95,"column":47}},"6":{"start":{"line":95,"column":33},"end":{"line":95,"column":47}},"7":{"start":{"line":96,"column":1},"end":{"line":96,"column":34}},"8":{"start":{"line":94,"column":0},"end":{"line":94,"column":16}}},"fnMap":{"0":{"name":"(anonymous_0)","decl":{"start":{"line":73,"column":1},"end":{"line":73,"column":2}},"loc":{"start":{"line":73,"column":24},"end":{"line":76,"column":2}}},"1":{"name":"codifyHttpStatus","decl":{"start":{"line":94,"column":16},"end":{"line":94,"column":32}},"loc":{"start":{"line":94,"column":51},"end":{"line":97,"column":1}}}},"branchMap":{"0":{"loc":{"start":{"line":95,"column":1},"end":{"line":95,"column":47}},"type":"if","locations":[{"start":{"line":95,"column":1},"end":{"line":95,"column":47}}]}},"s":{"0":4,"1":4,"2":248,"3":248,"4":4,"5":2,"6":1,"7":1,"8":4},"f":{"0":248,"1":2},"b":{"0":[1]}}
,"/Users/samuel/Code/pire/core/src/index.ts": {"path":"/Users/samuel/Code/pire/core/src/index.ts","statementMap":{"0":{"start":{"line":1,"column":0},"end":{"line":1,"column":9}},"1":{"start":{"line":1,"column":9},"end":{"line":1,"column":42}},"2":{"start":{"line":2,"column":0},"end":{"line":2,"column":23}},"3":{"start":{"line":3,"column":0},"end":{"line":3,"column":9}},"4":{"start":{"line":3,"column":9},"end":{"line":3,"column":32}},"5":{"start":{"line":3,"column":32},"end":{"line":3,"column":48}},"6":{"start":{"line":3,"column":48},"end":{"line":3,"column":64}},"7":{"start":{"line":3,"column":64},"end":{"line":3,"column":100}},"8":{"start":{"line":4,"column":0},"end":{"line":4,"column":9}},"9":{"start":{"line":4,"column":9},"end":{"line":4,"column":29}},"10":{"start":{"line":6,"column":0},"end":{"line":6,"column":24}}},"fnMap":{"0":{"name":"(anonymous_4)","decl":{"start":{"line":1,"column":9},"end":{"line":1,"column":25}},"loc":{"start":{"line":1,"column":9},"end":{"line":1,"column":42}}},"1":{"name":"(anonymous_5)","decl":{"start":{"line":3,"column":9},"end":{"line":3,"column":30}},"loc":{"start":{"line":3,"column":9},"end":{"line":3,"column":32}}},"2":{"name":"(anonymous_6)","decl":{"start":{"line":3,"column":32},"end":{"line":3,"column":46}},"loc":{"start":{"line":3,"column":32},"end":{"line":3,"column":48}}},"3":{"name":"(anonymous_7)","decl":{"start":{"line":3,"column":48},"end":{"line":3,"column":62}},"loc":{"start":{"line":3,"column":48},"end":{"line":3,"column":64}}},"4":{"name":"(anonymous_8)","decl":{"start":{"line":3,"column":64},"end":{"line":3,"column":81}},"loc":{"start":{"line":3,"column":64},"end":{"line":3,"column":100}}},"5":{"name":"(anonymous_9)","decl":{"start":{"line":4,"column":9},"end":{"line":4,"column":16}},"loc":{"start":{"line":4,"column":9},"end":{"line":4,"column":29}}}},"branchMap":{},"s":{"0":4,"1":6,"2":4,"3":4,"4":7,"5":10,"6":18,"7":12,"8":4,"9":13,"10":4},"f":{"0":2,"1":3,"2":6,"3":14,"4":8,"5":9},"b":{}}
,"/Users/samuel/Code/pire/core/src/path.ts": {"path":"/Users/samuel/Code/pire/core/src/path.ts","statementMap":{"0":{"start":{"line":8,"column":1},"end":{"line":14,"column":3}},"1":{"start":{"line":12,"column":18},"end":{"line":12,"column":21}},"2":{"start":{"line":7,"column":0},"end":{"line":7,"column":16}}},"fnMap":{"0":{"name":"cleanPath","decl":{"start":{"line":7,"column":16},"end":{"line":7,"column":25}},"loc":{"start":{"line":7,"column":38},"end":{"line":15,"column":1}}},"1":{"name":"(anonymous_1)","decl":{"start":{"line":12,"column":11},"end":{"line":12,"column":12}},"loc":{"start":{"line":12,"column":18},"end":{"line":12,"column":21}}}},"branchMap":{},"s":{"0":10,"1":28,"2":4},"f":{"0":10,"1":28},"b":{}}
,"/Users/samuel/Code/pire/core/src/primer.ts": {"path":"/Users/samuel/Code/pire/core/src/primer.ts","statementMap":{"0":{"start":{"line":1,"column":0},"end":{"line":1,"column":28}},"1":{"start":{"line":3,"column":0},"end":{"line":3,"column":35}},"2":{"start":{"line":4,"column":0},"end":{"line":4,"column":32}},"3":{"start":{"line":21,"column":1},"end":{"line":24,"column":5}},"4":{"start":{"line":21,"column":28},"end":{"line":24,"column":3}},"5":{"start":{"line":20,"column":0},"end":{"line":20,"column":16}},"6":{"start":{"line":38,"column":1},"end":{"line":54,"column":5}},"7":{"start":{"line":38,"column":28},"end":{"line":54,"column":3}},"8":{"start":{"line":43,"column":26},"end":{"line":46,"column":5}},"9":{"start":{"line":49,"column":26},"end":{"line":52,"column":5}},"10":{"start":{"line":34,"column":0},"end":{"line":34,"column":16}},"11":{"start":{"line":70,"column":27},"end":{"line":70,"column":29}},"12":{"start":{"line":71,"column":35},"end":{"line":71,"column":37}},"13":{"start":{"line":73,"column":1},"end":{"line":108,"column":4}},"14":{"start":{"line":75,"column":2},"end":{"line":80,"column":null}},"15":{"start":{"line":76,"column":3},"end":{"line":78,"column":null}},"16":{"start":{"line":77,"column":4},"end":{"line":77,"column":77}},"17":{"start":{"line":79,"column":3},"end":{"line":79,"column":20}},"18":{"start":{"line":82,"column":2},"end":{"line":93,"column":null}},"19":{"start":{"line":86,"column":5},"end":{"line":89,"column":7}},"20":{"start":{"line":92,"column":3},"end":{"line":92,"column":10}},"21":{"start":{"line":95,"column":2},"end":{"line":107,"column":null}},"22":{"start":{"line":96,"column":3},"end":{"line":104,"column":23}},"23":{"start":{"line":98,"column":5},"end":{"line":101,"column":7}},"24":{"start":{"line":104,"column":4},"end":{"line":104,"column":23}},"25":{"start":{"line":106,"column":3},"end":{"line":106,"column":15}},"26":{"start":{"line":110,"column":1},"end":{"line":110,"column":12}},"27":{"start":{"line":64,"column":0},"end":{"line":64,"column":16}},"28":{"start":{"line":117,"column":14},"end":{"line":117,"column":24}},"29":{"start":{"line":118,"column":1},"end":{"line":118,"column":31}},"30":{"start":{"line":118,"column":19},"end":{"line":118,"column":31}},"31":{"start":{"line":119,"column":1},"end":{"line":119,"column":41}},"32":{"start":{"line":116,"column":0},"end":{"line":116,"column":16}},"33":{"start":{"line":138,"column":58},"end":{"line":138,"column":64}},"34":{"start":{"line":145,"column":5},"end":{"line":145,"column":11}},"35":{"start":{"line":147,"column":21},"end":{"line":147,"column":42}},"36":{"start":{"line":148,"column":16},"end":{"line":148,"column":59}},"37":{"start":{"line":149,"column":1},"end":{"line":185,"column":3}},"38":{"start":{"line":151,"column":3},"end":{"line":152,"column":47}},"39":{"start":{"line":152,"column":4},"end":{"line":152,"column":47}},"40":{"start":{"line":154,"column":33},"end":{"line":154,"column":35}},"41":{"start":{"line":155,"column":3},"end":{"line":157,"column":6}},"42":{"start":{"line":156,"column":4},"end":{"line":156,"column":81}},"43":{"start":{"line":156,"column":49},"end":{"line":156,"column":81}},"44":{"start":{"line":158,"column":3},"end":{"line":168,"column":7}},"45":{"start":{"line":159,"column":4},"end":{"line":168,"column":7}},"46":{"start":{"line":170,"column":40},"end":{"line":170,"column":42}},"47":{"start":{"line":171,"column":3},"end":{"line":173,"column":6}},"48":{"start":{"line":172,"column":4},"end":{"line":172,"column":74}},"49":{"start":{"line":172,"column":47},"end":{"line":172,"column":74}},"50":{"start":{"line":175,"column":3},"end":{"line":181,"column":6}},"51":{"start":{"line":176,"column":4},"end":{"line":180,"column":null}},"52":{"start":{"line":177,"column":19},"end":{"line":177,"column":32}},"53":{"start":{"line":178,"column":5},"end":{"line":179,"column":30}},"54":{"start":{"line":178,"column":38},"end":{"line":178,"column":66}},"55":{"start":{"line":179,"column":10},"end":{"line":179,"column":30}},"56":{"start":{"line":183,"column":3},"end":{"line":183,"column":57}},"57":{"start":{"line":134,"column":0},"end":{"line":134,"column":16}}},"fnMap":{"0":{"name":"objectifyLocalPrimers","decl":{"start":{"line":20,"column":16},"end":{"line":20,"column":37}},"loc":{"start":{"line":20,"column":70},"end":{"line":25,"column":1}}},"1":{"name":"(anonymous_1)","decl":{"start":{"line":21,"column":20},"end":{"line":21,"column":21}},"loc":{"start":{"line":21,"column":28},"end":{"line":24,"column":3}}},"2":{"name":"preparePrimers","decl":{"start":{"line":34,"column":16},"end":{"line":34,"column":30}},"loc":{"start":{"line":36,"column":13},"end":{"line":55,"column":1}}},"3":{"name":"(anonymous_3)","decl":{"start":{"line":38,"column":20},"end":{"line":38,"column":21}},"loc":{"start":{"line":38,"column":28},"end":{"line":54,"column":3}}},"4":{"name":"(anonymous_4)","decl":{"start":{"line":43,"column":18},"end":{"line":43,"column":19}},"loc":{"start":{"line":43,"column":26},"end":{"line":46,"column":5}}},"5":{"name":"(anonymous_5)","decl":{"start":{"line":49,"column":18},"end":{"line":49,"column":19}},"loc":{"start":{"line":49,"column":26},"end":{"line":52,"column":5}}},"6":{"name":"primersBuilder","decl":{"start":{"line":64,"column":16},"end":{"line":64,"column":30}},"loc":{"start":{"line":68,"column":25},"end":{"line":111,"column":1}}},"7":{"name":"(anonymous_7)","decl":{"start":{"line":73,"column":17},"end":{"line":73,"column":18}},"loc":{"start":{"line":73,"column":23},"end":{"line":108,"column":2}}},"8":{"name":"(anonymous_8)","decl":{"start":{"line":85,"column":20},"end":{"line":85,"column":21}},"loc":{"start":{"line":85,"column":26},"end":{"line":90,"column":5}}},"9":{"name":"(anonymous_9)","decl":{"start":{"line":97,"column":20},"end":{"line":97,"column":21}},"loc":{"start":{"line":97,"column":26},"end":{"line":102,"column":5}}},"10":{"name":"stringifyMissingList","decl":{"start":{"line":116,"column":16},"end":{"line":116,"column":36}},"loc":{"start":{"line":116,"column":51},"end":{"line":120,"column":1}}},"11":{"name":"bodyFilterBuilder","decl":{"start":{"line":134,"column":16},"end":{"line":134,"column":33}},"loc":{"start":{"line":136,"column":37},"end":{"line":186,"column":1}}},"12":{"name":"(anonymous_12)","decl":{"start":{"line":150,"column":6},"end":{"line":150,"column":7}},"loc":{"start":{"line":150,"column":17},"end":{"line":184,"column":3}}},"13":{"name":"(anonymous_13)","decl":{"start":{"line":155,"column":20},"end":{"line":155,"column":21}},"loc":{"start":{"line":155,"column":28},"end":{"line":157,"column":4}}},"14":{"name":"(anonymous_14)","decl":{"start":{"line":171,"column":18},"end":{"line":171,"column":19}},"loc":{"start":{"line":171,"column":24},"end":{"line":173,"column":4}}},"15":{"name":"(anonymous_15)","decl":{"start":{"line":175,"column":23},"end":{"line":175,"column":24}},"loc":{"start":{"line":175,"column":31},"end":{"line":181,"column":4}}}},"branchMap":{"0":{"loc":{"start":{"line":20,"column":38},"end":{"line":20,"column":70}},"type":"default-arg","locations":[{"start":{"line":20,"column":68},"end":{"line":20,"column":70}}]},"1":{"loc":{"start":{"line":22,"column":6},"end":{"line":22,"column":49}},"type":"cond-expr","locations":[{"start":{"line":22,"column":32},"end":{"line":22,"column":42}},{"start":{"line":22,"column":45},"end":{"line":22,"column":49}}]},"2":{"loc":{"start":{"line":39,"column":6},"end":{"line":39,"column":49}},"type":"cond-expr","locations":[{"start":{"line":39,"column":32},"end":{"line":39,"column":42}},{"start":{"line":39,"column":45},"end":{"line":39,"column":49}}]},"3":{"loc":{"start":{"line":42,"column":3},"end":{"line":46,"column":6}},"type":"binary-expr","locations":[{"start":{"line":42,"column":3},"end":{"line":42,"column":13}},{"start":{"line":43,"column":3},"end":{"line":46,"column":6}}]},"4":{"loc":{"start":{"line":44,"column":20},"end":{"line":44,"column":74}},"type":"cond-expr","locations":[{"start":{"line":44,"column":47},"end":{"line":44,"column":65}},{"start":{"line":44,"column":68},"end":{"line":44,"column":74}}]},"5":{"loc":{"start":{"line":48,"column":3},"end":{"line":52,"column":6}},"type":"binary-expr","locations":[{"start":{"line":48,"column":3},"end":{"line":48,"column":13}},{"start":{"line":49,"column":3},"end":{"line":52,"column":6}}]},"6":{"loc":{"start":{"line":50,"column":20},"end":{"line":50,"column":74}},"type":"cond-expr","locations":[{"start":{"line":50,"column":47},"end":{"line":50,"column":65}},{"start":{"line":50,"column":68},"end":{"line":50,"column":74}}]},"7":{"loc":{"start":{"line":53,"column":6},"end":{"line":53,"column":60}},"type":"binary-expr","locations":[{"start":{"line":53,"column":6},"end":{"line":53,"column":10}},{"start":{"line":53,"column":15},"end":{"line":53,"column":59}}]},"8":{"loc":{"start":{"line":53,"column":15},"end":{"line":53,"column":59}},"type":"cond-expr","locations":[{"start":{"line":53,"column":41},"end":{"line":53,"column":47}},{"start":{"line":53,"column":50},"end":{"line":53,"column":59}}]},"9":{"loc":{"start":{"line":75,"column":2},"end":{"line":80,"column":null}},"type":"if","locations":[{"start":{"line":75,"column":2},"end":{"line":80,"column":null}}]},"10":{"loc":{"start":{"line":76,"column":3},"end":{"line":78,"column":null}},"type":"if","locations":[{"start":{"line":76,"column":3},"end":{"line":78,"column":null}}]},"11":{"loc":{"start":{"line":82,"column":2},"end":{"line":93,"column":null}},"type":"if","locations":[{"start":{"line":82,"column":2},"end":{"line":93,"column":null}}]},"12":{"loc":{"start":{"line":83,"column":3},"end":{"line":90,"column":7}},"type":"binary-expr","locations":[{"start":{"line":83,"column":4},"end":{"line":83,"column":8}},{"start":{"line":83,"column":12},"end":{"line":83,"column":41}},{"start":{"line":84,"column":4},"end":{"line":84,"column":14}},{"start":{"line":85,"column":4},"end":{"line":90,"column":6}}]},"13":{"loc":{"start":{"line":87,"column":6},"end":{"line":88,"column":21}},"type":"binary-expr","locations":[{"start":{"line":87,"column":7},"end":{"line":87,"column":26}},{"start":{"line":87,"column":30},"end":{"line":87,"column":50}},{"start":{"line":87,"column":54},"end":{"line":87,"column":80}},{"start":{"line":88,"column":6},"end":{"line":88,"column":21}}]},"14":{"loc":{"start":{"line":95,"column":2},"end":{"line":107,"column":null}},"type":"if","locations":[{"start":{"line":95,"column":2},"end":{"line":107,"column":null}},{"start":{"line":105,"column":9},"end":{"line":107,"column":null}}]},"15":{"loc":{"start":{"line":96,"column":3},"end":{"line":104,"column":23}},"type":"if","locations":[{"start":{"line":96,"column":3},"end":{"line":104,"column":23}}]},"16":{"loc":{"start":{"line":99,"column":6},"end":{"line":100,"column":21}},"type":"binary-expr","locations":[{"start":{"line":99,"column":7},"end":{"line":99,"column":26}},{"start":{"line":99,"column":30},"end":{"line":99,"column":50}},{"start":{"line":99,"column":54},"end":{"line":99,"column":80}},{"start":{"line":100,"column":6},"end":{"line":100,"column":21}}]},"17":{"loc":{"start":{"line":118,"column":1},"end":{"line":118,"column":31}},"type":"if","locations":[{"start":{"line":118,"column":1},"end":{"line":118,"column":31}}]},"18":{"loc":{"start":{"line":136,"column":1},"end":{"line":136,"column":37}},"type":"default-arg","locations":[{"start":{"line":136,"column":35},"end":{"line":136,"column":37}}]},"19":{"loc":{"start":{"line":138,"column":9},"end":{"line":138,"column":23}},"type":"default-arg","locations":[{"start":{"line":138,"column":21},"end":{"line":138,"column":23}}]},"20":{"loc":{"start":{"line":138,"column":25},"end":{"line":138,"column":38}},"type":"default-arg","locations":[{"start":{"line":138,"column":36},"end":{"line":138,"column":38}}]},"21":{"loc":{"start":{"line":138,"column":40},"end":{"line":138,"column":53}},"type":"default-arg","locations":[{"start":{"line":138,"column":51},"end":{"line":138,"column":53}}]},"22":{"loc":{"start":{"line":140,"column":2},"end":{"line":143,"column":null}},"type":"default-arg","locations":[{"start":{"line":140,"column":28},"end":{"line":143,"column":null}}]},"23":{"loc":{"start":{"line":144,"column":2},"end":{"line":144,"column":82}},"type":"default-arg","locations":[{"start":{"line":144,"column":26},"end":{"line":144,"column":82}}]},"24":{"loc":{"start":{"line":151,"column":3},"end":{"line":152,"column":47}},"type":"if","locations":[{"start":{"line":151,"column":3},"end":{"line":152,"column":47}}]},"25":{"loc":{"start":{"line":151,"column":7},"end":{"line":151,"column":70}},"type":"binary-expr","locations":[{"start":{"line":151,"column":7},"end":{"line":151,"column":38}},{"start":{"line":151,"column":42},"end":{"line":151,"column":70}}]},"26":{"loc":{"start":{"line":156,"column":4},"end":{"line":156,"column":81}},"type":"if","locations":[{"start":{"line":156,"column":4},"end":{"line":156,"column":81}}]},"27":{"loc":{"start":{"line":158,"column":3},"end":{"line":168,"column":7}},"type":"if","locations":[{"start":{"line":158,"column":3},"end":{"line":168,"column":7}}]},"28":{"loc":{"start":{"line":162,"column":6},"end":{"line":167,"column":37}},"type":"cond-expr","locations":[{"start":{"line":163,"column":9},"end":{"line":165,"column":null}},{"start":{"line":167,"column":9},"end":{"line":167,"column":37}}]},"29":{"loc":{"start":{"line":172,"column":4},"end":{"line":172,"column":74}},"type":"if","locations":[{"start":{"line":172,"column":4},"end":{"line":172,"column":74}}]},"30":{"loc":{"start":{"line":176,"column":4},"end":{"line":180,"column":null}},"type":"if","locations":[{"start":{"line":176,"column":4},"end":{"line":180,"column":null}}]},"31":{"loc":{"start":{"line":178,"column":5},"end":{"line":179,"column":30}},"type":"if","locations":[{"start":{"line":178,"column":5},"end":{"line":179,"column":30}},{"start":{"line":179,"column":10},"end":{"line":179,"column":30}}]}},"s":{"0":4,"1":4,"2":4,"3":3,"4":2,"5":4,"6":6,"7":6,"8":2,"9":2,"10":4,"11":14,"12":14,"13":14,"14":28,"15":12,"16":1,"17":11,"18":27,"19":5,"20":4,"21":23,"22":6,"23":6,"24":1,"25":17,"26":13,"27":4,"28":4,"29":4,"30":2,"31":2,"32":4,"33":8,"34":8,"35":8,"36":8,"37":8,"38":8,"39":3,"40":5,"41":5,"42":6,"43":2,"44":5,"45":2,"46":3,"47":3,"48":11,"49":7,"50":3,"51":3,"52":2,"53":2,"54":1,"55":1,"56":3,"57":4},"f":{"0":3,"1":2,"2":6,"3":6,"4":2,"5":2,"6":14,"7":28,"8":5,"9":6,"10":4,"11":8,"12":8,"13":6,"14":11,"15":3},"b":{"0":[1],"1":[1,1],"2":[1,5],"3":[6,2],"4":[1,1],"5":[6,2],"6":[1,1],"7":[6,5],"8":[1,4],"9":[12],"10":[1],"11":[4],"12":[27,11,26,5],"13":[5,4,3,3],"14":[6,17],"15":[1],"16":[6,4,3,4],"17":[2],"18":[6],"19":[1],"20":[4],"21":[7],"22":[7],"23":[7],"24":[3],"25":[8,6],"26":[2],"27":[2],"28":[1,1],"29":[7],"30":[2],"31":[1,1]}}
}
