TN:
SF:src/error.ts
FN:6,(anonymous_0)
FNF:1
FNH:1
FNDA:7,(anonymous_0)
DA:3,4
DA:7,7
DA:8,7
LF:3
LH:3
BRF:0
BRH:0
end_of_record
TN:
SF:src/http.ts
FN:73,(anonymous_0)
FN:94,codifyHttpStatus
FNF:2
FNH:2
FNDA:248,(anonymous_0)
FNDA:2,codifyHttpStatus
DA:2,4
DA:72,4
DA:74,248
DA:75,248
DA:80,4
DA:94,4
DA:95,2
DA:96,1
LF:8
LH:8
BRDA:95,0,0,1
BRF:1
BRH:1
end_of_record
TN:
SF:src/index.ts
FN:1,(anonymous_4)
FN:3,(anonymous_5)
FN:3,(anonymous_6)
FN:3,(anonymous_7)
FN:3,(anonymous_8)
FN:4,(anonymous_9)
FNF:6
FNH:6
FNDA:2,(anonymous_4)
FNDA:3,(anonymous_5)
FNDA:6,(anonymous_6)
FNDA:14,(anonymous_7)
FNDA:8,(anonymous_8)
FNDA:9,(anonymous_9)
DA:1,6
DA:2,4
DA:3,18
DA:4,13
DA:6,4
LF:5
LH:5
BRF:0
BRH:0
end_of_record
TN:
SF:src/path.ts
FN:7,cleanPath
FN:12,(anonymous_1)
FNF:2
FNH:2
FNDA:10,cleanPath
FNDA:28,(anonymous_1)
DA:7,4
DA:8,10
DA:12,28
LF:3
LH:3
BRF:0
BRH:0
end_of_record
TN:
SF:src/primer.ts
FN:20,objectifyLocalPrimers
FN:21,(anonymous_1)
FN:34,preparePrimers
FN:38,(anonymous_3)
FN:43,(anonymous_4)
FN:49,(anonymous_5)
FN:64,primersBuilder
FN:73,(anonymous_7)
FN:85,(anonymous_8)
FN:97,(anonymous_9)
FN:116,stringifyMissingList
FN:134,bodyFilterBuilder
FN:150,(anonymous_12)
FN:155,(anonymous_13)
FN:171,(anonymous_14)
FN:175,(anonymous_15)
FNF:16
FNH:16
FNDA:3,objectifyLocalPrimers
FNDA:2,(anonymous_1)
FNDA:6,preparePrimers
FNDA:6,(anonymous_3)
FNDA:2,(anonymous_4)
FNDA:2,(anonymous_5)
FNDA:14,primersBuilder
FNDA:28,(anonymous_7)
FNDA:5,(anonymous_8)
FNDA:6,(anonymous_9)
FNDA:4,stringifyMissingList
FNDA:8,bodyFilterBuilder
FNDA:8,(anonymous_12)
FNDA:6,(anonymous_13)
FNDA:11,(anonymous_14)
FNDA:3,(anonymous_15)
DA:1,4
DA:3,4
DA:4,4
DA:20,4
DA:21,3
DA:34,4
DA:38,6
DA:43,2
DA:49,2
DA:64,4
DA:70,14
DA:71,14
DA:73,14
DA:75,28
DA:76,12
DA:77,1
DA:79,11
DA:82,27
DA:86,5
DA:92,4
DA:95,23
DA:96,6
DA:98,6
DA:104,1
DA:106,17
DA:110,13
DA:116,4
DA:117,4
DA:118,4
DA:119,2
DA:134,4
DA:138,8
DA:145,8
DA:147,8
DA:148,8
DA:149,8
DA:151,8
DA:152,3
DA:154,5
DA:155,5
DA:156,6
DA:158,5
DA:159,2
DA:170,3
DA:171,3
DA:172,11
DA:175,3
DA:176,3
DA:177,2
DA:178,2
DA:179,1
DA:183,3
LF:52
LH:52
BRDA:20,0,0,1
BRDA:22,1,0,1
BRDA:22,1,1,1
BRDA:39,2,0,1
BRDA:39,2,1,5
BRDA:42,3,0,6
BRDA:42,3,1,2
BRDA:44,4,0,1
BRDA:44,4,1,1
BRDA:48,5,0,6
BRDA:48,5,1,2
BRDA:50,6,0,1
BRDA:50,6,1,1
BRDA:53,7,0,6
BRDA:53,7,1,5
BRDA:53,8,0,1
BRDA:53,8,1,4
BRDA:75,9,0,12
BRDA:76,10,0,1
BRDA:82,11,0,4
BRDA:83,12,0,27
BRDA:83,12,1,11
BRDA:83,12,2,26
BRDA:83,12,3,5
BRDA:87,13,0,5
BRDA:87,13,1,4
BRDA:87,13,2,3
BRDA:87,13,3,3
BRDA:95,14,0,6
BRDA:95,14,1,17
BRDA:96,15,0,1
BRDA:99,16,0,6
BRDA:99,16,1,4
BRDA:99,16,2,3
BRDA:99,16,3,4
BRDA:118,17,0,2
BRDA:136,18,0,6
BRDA:138,19,0,1
BRDA:138,20,0,4
BRDA:138,21,0,7
BRDA:140,22,0,7
BRDA:144,23,0,7
BRDA:151,24,0,3
BRDA:151,25,0,8
BRDA:151,25,1,6
BRDA:156,26,0,2
BRDA:158,27,0,2
BRDA:162,28,0,1
BRDA:162,28,1,1
BRDA:172,29,0,7
BRDA:176,30,0,2
BRDA:178,31,0,1
BRDA:178,31,1,1
BRF:53
BRH:53
end_of_record
